{
  "RSpec": {
    "coverage": {
      "/Users/kevincoleman/Desktop/programs/sites/StudentIdeals/app/helpers/application_helper.rb": [
        1,
        1,
        null,
        null,
        null,
        null,
        null,
        0,
        null,
        null,
        1,
        0,
        null,
        0,
        null,
        0,
        null,
        0,
        null,
        0,
        null,
        0,
        null,
        0,
        null,
        null,
        null
      ],
      "/Users/kevincoleman/Desktop/programs/sites/StudentIdeals/app/helpers/businesses_helper.rb": [
        1,
        null
      ],
      "/Users/kevincoleman/Desktop/programs/sites/StudentIdeals/app/helpers/categories_helper.rb": [
        1,
        null
      ],
      "/Users/kevincoleman/Desktop/programs/sites/StudentIdeals/app/helpers/geocoder_test_helper.rb": [
        1,
        null
      ],
      "/Users/kevincoleman/Desktop/programs/sites/StudentIdeals/app/helpers/pages_helper.rb": [
        1,
        null
      ],
      "/Users/kevincoleman/Desktop/programs/sites/StudentIdeals/app/helpers/region_helper.rb": [
        1,
        null
      ],
      "/Users/kevincoleman/Desktop/programs/sites/StudentIdeals/app/helpers/search_helper.rb": [
        1,
        null
      ],
      "/Users/kevincoleman/Desktop/programs/sites/StudentIdeals/app/helpers/states_helper.rb": [
        1,
        null
      ],
      "/Users/kevincoleman/Desktop/programs/sites/StudentIdeals/app/controllers/states_controller.rb": [
        1,
        1,
        1,
        1,
        null,
        1,
        3,
        3,
        null,
        null,
        1,
        4,
        null,
        null,
        null,
        null,
        null,
        null,
        4,
        null,
        null,
        1,
        5,
        5,
        5,
        5,
        5,
        null,
        null,
        1,
        1,
        5,
        0,
        0,
        null,
        null,
        5,
        null,
        null,
        1,
        12,
        12,
        null,
        null,
        1,
        9,
        9,
        null,
        null
      ],
      "/Users/kevincoleman/Desktop/programs/sites/StudentIdeals/app/controllers/application_controller.rb": [
        1,
        1,
        null,
        null,
        1,
        null,
        1,
        12,
        12,
        null,
        null
      ],
      "/Users/kevincoleman/Desktop/programs/sites/StudentIdeals/app/models/region.rb": [
        1,
        1,
        1,
        1,
        null,
        1,
        1,
        null,
        1,
        1,
        null,
        1,
        0,
        null,
        0,
        null,
        0,
        null,
        0,
        null,
        0,
        null,
        null,
        null,
        null,
        null,
        null,
        null,
        null,
        null,
        null,
        null,
        null,
        null,
        1,
        0,
        0,
        null,
        null
      ],
      "/Users/kevincoleman/Desktop/programs/sites/StudentIdeals/app/models/concerns/address_methods.rb": [
        1,
        1,
        null,
        1,
        2,
        38,
        null,
        2,
        null,
        null,
        null,
        2,
        2,
        2,
        null,
        null,
        1,
        24,
        null,
        null,
        1,
        0,
        null,
        null,
        1,
        0,
        0,
        null,
        null,
        1,
        48,
        36,
        null,
        null,
        null,
        1,
        0,
        0,
        null,
        null,
        1,
        0,
        0,
        null,
        null,
        1,
        36,
        null,
        null,
        1,
        36,
        null,
        null,
        1,
        36,
        null,
        null,
        1,
        36,
        null,
        null,
        1,
        36,
        null,
        null,
        1,
        36,
        null,
        null
      ],
      "/Users/kevincoleman/Desktop/programs/sites/StudentIdeals/app/models/sid_category.rb": [
        1,
        1,
        1,
        null,
        1,
        1,
        null,
        1,
        1,
        1,
        1,
        1,
        null,
        7,
        1,
        null,
        null,
        null,
        6,
        4,
        null,
        1,
        null,
        null,
        null,
        null,
        null,
        null,
        null,
        1,
        0,
        null,
        null,
        1,
        0,
        null,
        null
      ],
      "/Users/kevincoleman/Desktop/programs/sites/StudentIdeals/app/models/business.rb": [
        1,
        1,
        1,
        1,
        null,
        1,
        1,
        1,
        null,
        24,
        null,
        null,
        null,
        null,
        null,
        null,
        null,
        null,
        1,
        1,
        1,
        1,
        1,
        null,
        1,
        1,
        1,
        null,
        0,
        1,
        null,
        12,
        null,
        1,
        0,
        null,
        null,
        1,
        0,
        0,
        0,
        null,
        null,
        null,
        1,
        0,
        null,
        null,
        1,
        0,
        null,
        null,
        1,
        0,
        null,
        null,
        1,
        0,
        null,
        0,
        null,
        0,
        null,
        0,
        null,
        0,
        null,
        null,
        null,
        null,
        null,
        null,
        null,
        null,
        null,
        null,
        null,
        null,
        null,
        null,
        null,
        1,
        0,
        0,
        0,
        0,
        0,
        null,
        0,
        0,
        0,
        null,
        null,
        null,
        null,
        1,
        0,
        0,
        0,
        0,
        0,
        0,
        null,
        null,
        null,
        1,
        0,
        null,
        null,
        1,
        0,
        null,
        null,
        1,
        0,
        null,
        null
      ],
      "/Users/kevincoleman/Desktop/programs/sites/StudentIdeals/app/models/sub_category.rb": [
        1,
        1,
        1,
        1,
        null,
        1,
        1,
        null,
        1,
        null,
        34,
        null,
        null,
        null,
        null,
        1,
        1,
        1,
        null,
        1,
        1,
        null,
        1,
        null,
        null,
        null,
        1,
        0,
        0,
        0,
        0,
        0,
        0,
        0,
        0,
        null,
        null,
        null
      ],
      "/Users/kevincoleman/Desktop/programs/sites/StudentIdeals/app/models/sub_category_tagging.rb": [
        1,
        1,
        1,
        null,
        1,
        1,
        1,
        null
      ]
    },
    "timestamp": 1478391493
  }
}
