{
  "RSpec": {
    "coverage": {
      "/Users/kevincoleman/Desktop/programs/sites/StudentIdeals/app/helpers/application_helper.rb": [
        1,
        1,
        1,
        null,
        null,
        null,
        null,
        1,
        0,
        null,
        null,
        1,
        0,
        null,
        0,
        null,
        0,
        null,
        0,
        null,
        0,
        null,
        0,
        null,
        0,
        null,
        null,
        null
      ],
      "/Users/kevincoleman/Desktop/programs/sites/StudentIdeals/app/helpers/businesses_helper.rb": [
        1,
        null
      ],
      "/Users/kevincoleman/Desktop/programs/sites/StudentIdeals/app/helpers/categories_helper.rb": [
        1,
        null
      ],
      "/Users/kevincoleman/Desktop/programs/sites/StudentIdeals/app/helpers/geocoder_test_helper.rb": [
        1,
        null
      ],
      "/Users/kevincoleman/Desktop/programs/sites/StudentIdeals/app/helpers/pages_helper.rb": [
        1,
        null
      ],
      "/Users/kevincoleman/Desktop/programs/sites/StudentIdeals/app/helpers/region_helper.rb": [
        1,
        null
      ],
      "/Users/kevincoleman/Desktop/programs/sites/StudentIdeals/app/helpers/search_helper.rb": [
        1,
        null
      ],
      "/Users/kevincoleman/Desktop/programs/sites/StudentIdeals/app/helpers/states_helper.rb": [
        1,
        null
      ],
      "/Users/kevincoleman/Desktop/programs/sites/StudentIdeals/app/controllers/search_controller.rb": [
        1,
        1,
        9,
        9,
        null,
        null,
        1,
        9,
        9,
        32,
        8,
        8,
        null,
        null,
        null,
        null,
        8,
        8,
        null,
        null,
        null,
        null,
        8,
        8,
        null,
        null,
        null,
        null,
        8,
        8,
        null,
        null,
        null,
        null,
        null,
        9,
        null,
        null
      ],
      "/Users/kevincoleman/Desktop/programs/sites/StudentIdeals/app/controllers/application_controller.rb": [
        1,
        1,
        null,
        null,
        1,
        null,
        1,
        9,
        9,
        null,
        null
      ],
      "/Users/kevincoleman/Desktop/programs/sites/StudentIdeals/app/models/region.rb": [
        1,
        1,
        1,
        1,
        null,
        1,
        1,
        null,
        1,
        1,
        null,
        1,
        0,
        0,
        null,
        null,
        null,
        null,
        null,
        null,
        null,
        null,
        null,
        null,
        null,
        null,
        null,
        1,
        0,
        0,
        null,
        null
      ],
      "/Users/kevincoleman/Desktop/programs/sites/StudentIdeals/app/models/concerns/address_methods.rb": [
        1,
        1,
        null,
        1,
        2,
        20,
        null,
        2,
        null,
        null,
        null,
        2,
        2,
        2,
        null,
        null,
        1,
        18,
        null,
        null,
        1,
        0,
        0,
        null,
        null,
        1,
        0,
        0,
        null,
        null,
        1,
        27,
        27,
        null,
        null,
        null,
        1,
        0,
        0,
        null,
        null,
        1,
        0,
        0,
        null,
        null,
        1,
        27,
        null,
        null,
        1,
        27,
        null,
        null,
        1,
        27,
        null,
        null,
        1,
        27,
        null,
        null,
        1,
        27,
        null,
        null,
        1,
        27,
        null,
        null
      ],
      "/Users/kevincoleman/Desktop/programs/sites/StudentIdeals/app/models/sid_category.rb": [
        1,
        1,
        1,
        null,
        1,
        1,
        null,
        1,
        1,
        1,
        1,
        1,
        null,
        1,
        1,
        null,
        null,
        null,
        0,
        1,
        null,
        1,
        null,
        null,
        null,
        null,
        null,
        null,
        null,
        1,
        0,
        null,
        null,
        1,
        0,
        null,
        null
      ],
      "/Users/kevincoleman/Desktop/programs/sites/StudentIdeals/app/models/sub_category.rb": [
        1,
        1,
        1,
        1,
        null,
        1,
        1,
        null,
        1,
        null,
        18,
        null,
        null,
        null,
        null,
        1,
        1,
        1,
        null,
        1,
        1,
        null,
        1,
        1,
        1,
        null,
        null,
        0,
        null,
        1,
        null,
        1,
        null,
        null,
        null,
        1,
        0,
        0,
        0,
        0,
        0,
        0,
        0,
        0,
        null,
        null,
        null
      ],
      "/Users/kevincoleman/Desktop/programs/sites/StudentIdeals/app/models/business.rb": [
        1,
        1,
        1,
        1,
        null,
        1,
        1,
        1,
        null,
        18,
        null,
        null,
        null,
        null,
        null,
        null,
        null,
        null,
        1,
        1,
        1,
        1,
        1,
        null,
        1,
        1,
        1,
        null,
        0,
        1,
        null,
        0,
        1,
        0,
        null,
        1,
        0,
        null,
        null,
        1,
        0,
        0,
        0,
        null,
        null,
        1,
        0,
        null,
        null,
        null,
        1,
        0,
        null,
        null,
        1,
        0,
        null,
        null,
        1,
        0,
        null,
        null,
        1,
        0,
        0,
        null,
        null,
        null,
        null,
        null,
        null,
        null,
        null,
        null,
        null,
        null,
        null,
        null,
        null,
        null,
        1,
        0,
        null,
        0,
        null,
        0,
        null,
        0,
        null,
        null,
        null,
        1,
        0,
        0,
        0,
        0,
        null,
        null,
        0,
        0,
        null,
        null,
        1,
        0,
        0,
        0,
        0,
        0,
        0,
        null,
        null,
        null,
        1,
        9,
        null,
        null,
        1,
        0,
        null,
        null,
        1,
        0,
        null,
        null
      ]
    },
    "timestamp": 1478409696
  }
}
